<?xml version="1.0" encoding="UTF-8"?>
<testsuite name="ReplaceTest" tests="4" skipped="0" failures="0" errors="0" timestamp="2016-04-21T16:40:27" hostname="epicodus-55.local" time="0.28">
  <properties/>
  <testcase name="findAndReplace_replaceHelloWithGoodbyeCaseInsensitive_goodbyeWorld" classname="ReplaceTest" time="0.0"/>
  <testcase name="findAndReplace_replaceCatwithDog_Doghedral" classname="ReplaceTest" time="0.0"/>
  <testcase name="findAndReplace_replaceHelloWithGoodbye_goodbyeWorld" classname="ReplaceTest" time="0.0"/>
  <testcase name="rootTest" classname="ReplaceTest" time="0.267"/>
  <system-out><![CDATA[]]></system-out>
  <system-err><![CDATA[[Thread-14] INFO spark.webserver.JettySparkServer - == Spark has ignited ...
[Thread-14] INFO spark.webserver.JettySparkServer - >> Listening on 0.0.0.0:4567
[Thread-14] INFO org.eclipse.jetty.server.Server - jetty-9.3.2.v20150730
[Thread-14] INFO org.eclipse.jetty.server.ServerConnector - Started ServerConnector@7b68ce26{HTTP/1.1,[http/1.1]}{0.0.0.0:4567}
[Thread-14] INFO org.eclipse.jetty.server.Server - Started @1041ms
[Test worker] INFO spark.webserver.JettySparkServer - >>> Spark shutting down ...
[Test worker] INFO org.eclipse.jetty.server.ServerConnector - Stopped ServerConnector@7b68ce26{HTTP/1.1,[http/1.1]}{0.0.0.0:4567}
[Test worker] INFO spark.webserver.JettySparkServer - done
]]></system-err>
</testsuite>
